[dotenv@17.2.1] injecting env (0) from .env -- tip: 📡 version env with Radar: https://dotenvx.com/radar
Attempting to connect to Kafka consumer (attempt 1/10)
Server is running on port 8000
Publisher connected
Redis client connected
Subscriber connected
MongoDB connected successfully
Kafka consumer connected and subscribed successfully
{"level":"INFO","timestamp":"2025-10-06T07:49:10.039Z","logger":"kafkajs","message":"[Consumer] Starting","groupId":"chat-group"}
{"level":"INFO","timestamp":"2025-10-06T07:49:14.143Z","logger":"kafkajs","message":"[ConsumerGroup] Consumer has joined the group","groupId":"chat-group","memberId":"kafkajs-f82e4221-16e5-4005-b608-be28e27d3339","leaderId":"kafkajs-f82e4221-16e5-4005-b608-be28e27d3339","isLeader":true,"memberAssignment":{"chatMessages":[0]},"groupProtocol":"RoundRobinAssigner","duration":4103}
[dotenv@17.2.1] injecting env (0) from .env -- tip: 🔐 encrypt with Dotenvx: https://dotenvx.com
Attempting to connect to Kafka consumer (attempt 1/10)
Server is running on port 8000
Redis client connected
Publisher connected
Subscriber connected
MongoDB connected successfully
Kafka consumer connected and subscribed successfully
{"level":"INFO","timestamp":"2025-10-06T07:56:32.173Z","logger":"kafkajs","message":"[Consumer] Starting","groupId":"chat-group"}
{"level":"INFO","timestamp":"2025-10-06T07:56:36.219Z","logger":"kafkajs","message":"[ConsumerGroup] Consumer has joined the group","groupId":"chat-group","memberId":"kafkajs-6459e888-a9d8-40b1-81d7-41846633ba23","leaderId":"kafkajs-6459e888-a9d8-40b1-81d7-41846633ba23","isLeader":true,"memberAssignment":{"chatMessages":[0]},"groupProtocol":"RoundRobinAssigner","duration":4045}
[dotenv@17.2.1] injecting env (0) from .env -- tip: 🔐 prevent building .env in docker: https://dotenvx.com/prebuild
Attempting to connect to Kafka consumer (attempt 1/10)
Server is running on port 8000
Publisher connected
Redis client connected
Subscriber connected
MongoDB connected successfully
Kafka consumer connected and subscribed successfully
{"level":"INFO","timestamp":"2025-10-06T12:48:30.326Z","logger":"kafkajs","message":"[Consumer] Starting","groupId":"chat-group"}
{"level":"INFO","timestamp":"2025-10-06T12:48:33.057Z","logger":"kafkajs","message":"[ConsumerGroup] Consumer has joined the group","groupId":"chat-group","memberId":"kafkajs-07675f85-f7b0-40e0-9acf-63a7f6bb208c","leaderId":"kafkajs-07675f85-f7b0-40e0-9acf-63a7f6bb208c","isLeader":true,"memberAssignment":{"chatMessages":[0]},"groupProtocol":"RoundRobinAssigner","duration":2730}
