2025-10-06 07:49:07,938 INFO Set uid to user 1001 succeeded
2025-10-06 07:49:07,944 INFO RPC interface 'supervisor' initialized
2025-10-06 07:49:07,945 CRIT Server 'unix_http_server' running without any HTTP authentication checking
2025-10-06 07:49:07,945 INFO supervisord started with pid 1
2025-10-06 07:49:08,956 INFO spawned: 'backend' with pid 26
2025-10-06 07:49:08,961 INFO spawned: 'chatbackend' with pid 27
2025-10-06 07:49:12,146 INFO success: backend entered RUNNING state, process has stayed up for > than 3 seconds (startsecs)
2025-10-06 07:49:12,146 INFO success: chatbackend entered RUNNING state, process has stayed up for > than 3 seconds (startsecs)
2025-10-06 07:55:35,561 WARN received SIGTERM indicating exit request
2025-10-06 07:55:35,562 INFO waiting for backend, chatbackend to die
2025-10-06 07:55:35,566 WARN stopped: backend (terminated by SIGTERM)
2025-10-06 07:55:35,567 WARN stopped: chatbackend (terminated by SIGTERM)
2025-10-06 07:56:30,197 INFO Set uid to user 1001 succeeded
2025-10-06 07:56:30,203 INFO RPC interface 'supervisor' initialized
2025-10-06 07:56:30,203 CRIT Server 'unix_http_server' running without any HTTP authentication checking
2025-10-06 07:56:30,204 INFO supervisord started with pid 1
2025-10-06 07:56:31,209 INFO spawned: 'backend' with pid 26
2025-10-06 07:56:31,213 INFO spawned: 'chatbackend' with pid 27
2025-10-06 07:56:34,521 INFO success: backend entered RUNNING state, process has stayed up for > than 3 seconds (startsecs)
2025-10-06 07:56:34,522 INFO success: chatbackend entered RUNNING state, process has stayed up for > than 3 seconds (startsecs)
2025-10-06 07:56:54,241 WARN received SIGTERM indicating exit request
2025-10-06 07:56:54,242 INFO waiting for backend, chatbackend to die
2025-10-06 07:56:54,246 WARN stopped: backend (terminated by SIGTERM)
2025-10-06 07:56:54,247 WARN stopped: chatbackend (terminated by SIGTERM)
2025-10-06 12:48:27,231 INFO Set uid to user 1001 succeeded
2025-10-06 12:48:27,239 INFO RPC interface 'supervisor' initialized
2025-10-06 12:48:27,239 CRIT Server 'unix_http_server' running without any HTTP authentication checking
2025-10-06 12:48:27,240 INFO supervisord started with pid 1
2025-10-06 12:48:28,245 INFO spawned: 'backend' with pid 13
2025-10-06 12:48:28,250 INFO spawned: 'chatbackend' with pid 14
2025-10-06 12:48:31,328 INFO success: backend entered RUNNING state, process has stayed up for > than 3 seconds (startsecs)
2025-10-06 12:48:31,328 INFO success: chatbackend entered RUNNING state, process has stayed up for > than 3 seconds (startsecs)
2025-10-06 12:49:11,102 WARN received SIGTERM indicating exit request
2025-10-06 12:49:11,103 INFO waiting for backend, chatbackend to die
2025-10-06 12:49:11,107 WARN stopped: backend (terminated by SIGTERM)
2025-10-06 12:49:11,109 WARN stopped: chatbackend (terminated by SIGTERM)
